<?xml version="1.0" encoding="UTF-8"?>
<!-- Generated by org.testng.reporters.JUnitReportReporter -->
<testsuite hostname="Jayadevnath" failures="0" tests="2" name="com.tesing.executionflow.Demo" time="14.732" errors="0" timestamp="2023-11-17T23:00:07 IST" skipped="0">
  <testcase classname="com.tesing.executionflow.Demo" name="checkoutTest" time="0.004"/>
  <system-out/>
  <testcase classname="com.tesing.executionflow.Demo" name="addItemToCartTest" time="14.728"/>
  <system-out/>
</testsuite> <!-- com.tesing.executionflow.Demo -->
