<?xml version="1.0" encoding="UTF-8"?>
<!-- Generated by org.testng.reporters.JUnitReportReporter -->
<testsuite hostname="Jayadevnath" failures="0" tests="2" name="com.testing.dataProvider.DataProviderDemo" time="0.012" errors="0" timestamp="2023-11-11T18:43:33 IST" skipped="0">
  <testcase classname="com.testing.dataProvider.DataProviderDemo" name="loginWithCredentials" time="0.002"/>
  <system-out/>
  <testcase classname="com.testing.dataProvider.DataProviderDemo" name="loginWithCredentials" time="0.010"/>
  <system-out/>
</testsuite> <!-- com.testing.dataProvider.DataProviderDemo -->
