<?xml version="1.0" encoding="UTF-8"?>
<!-- Generated by org.testng.reporters.JUnitReportReporter -->
<testsuite hostname="Jayadevnath" failures="0" tests="1" name="com.testing.first.LoginTest" time="0.010" errors="0" timestamp="2023-11-10T19:36:24 IST" skipped="0">
  <testcase classname="com.testing.first.LoginTest" name="compareTest" time="0.010"/>
  <system-out/>
</testsuite> <!-- com.testing.first.LoginTest -->
