<?xml version="1.0" encoding="UTF-8"?>
<!-- Generated by org.testng.reporters.JUnitReportReporter -->
<testsuite hostname="Jayadevnath" failures="0" tests="1" name="com.testing.first.LoginTest" time="0.014" errors="0" timestamp="2023-10-30T21:24:22 IST" skipped="0">
  <testcase classname="com.testing.first.LoginTest" name="compareTest" time="0.014"/>
  <system-out/>
</testsuite> <!-- com.testing.first.LoginTest -->
