<?xml version="1.0" encoding="UTF-8"?>
<!-- Generated by org.testng.reporters.JUnitReportReporter -->
<testsuite hostname="Jayadevnath" failures="0" tests="2" name="com.tesing.executionflow.FlowExecutionTest" time="0.006" errors="0" timestamp="2023-11-17T23:01:26 IST" skipped="0">
  <testcase classname="com.tesing.executionflow.FlowExecutionTest" name="test2" time="0.003"/>
  <system-out/>
  <testcase classname="com.tesing.executionflow.FlowExecutionTest" name="test1" time="0.003"/>
  <system-out/>
</testsuite> <!-- com.tesing.executionflow.FlowExecutionTest -->
