<?xml version="1.0" encoding="UTF-8"?>
<!-- Generated by org.testng.reporters.JUnitReportReporter -->
<testsuite hostname="Jayadevnath" failures="0" tests="2" name="com.tesing.flowcontrol.FlowExecutionTest" time="0.013" errors="0" timestamp="2023-11-16T15:58:22 IST" skipped="0">
  <testcase classname="com.tesing.flowcontrol.FlowExecutionTest" name="test1" time="0.010"/>
  <system-out/>
  <testcase classname="com.tesing.flowcontrol.FlowExecutionTest" name="test2" time="0.003"/>
  <system-out/>
</testsuite> <!-- com.tesing.flowcontrol.FlowExecutionTest -->
