<?xml version="1.0" encoding="UTF-8"?>
<!-- Generated by org.testng.reporters.JUnitReportReporter -->
<testsuite hostname="Jayadevnath" failures="0" tests="1" name="com.testing.wait.ImplicitWaitDemo" time="17.670" errors="0" timestamp="2023-11-04T16:58:51 IST" skipped="0">
  <testcase classname="com.testing.wait.ImplicitWaitDemo" name="implicitWaitTest" time="17.670"/>
  <system-out/>
</testsuite> <!-- com.testing.wait.ImplicitWaitDemo -->
