<?xml version="1.0" encoding="UTF-8"?>
<!-- Generated by org.testng.reporters.JUnitReportReporter -->
<testsuite hostname="Jayadevnath" failures="0" tests="3" name="com.testing.dataProvider.DgataProviderDemo2" time="0.014" errors="0" timestamp="2023-11-11T18:56:19 IST" skipped="0">
  <testcase classname="com.testing.dataProvider.DgataProviderDemo2" name="loginWithCredentials" time="0.001"/>
  <system-out/>
  <testcase classname="com.testing.dataProvider.DgataProviderDemo2" name="loginWithCredentials" time="0.002"/>
  <system-out/>
  <testcase classname="com.testing.dataProvider.DgataProviderDemo2" name="loginWithCredentials" time="0.011"/>
  <system-out/>
</testsuite> <!-- com.testing.dataProvider.DgataProviderDemo2 -->
