<?xml version="1.0" encoding="UTF-8"?>
<!-- Generated by org.testng.reporters.JUnitReportReporter -->
<testsuite hostname="Jayadevnath" failures="0" tests="1" name="com.testing.wait.ExplicitWaitDemo" time="17.172" errors="0" timestamp="2023-11-04T16:59:21 IST" skipped="0">
  <testcase classname="com.testing.wait.ExplicitWaitDemo" name="explicitWaitTest" time="17.172"/>
  <system-out/>
</testsuite> <!-- com.testing.wait.ExplicitWaitDemo -->
